<?xml version="1.0" encoding="UTF-8"?>
<!-- Generated by org.testng.reporters.JUnitReportReporter -->
<testsuite hostname="DESKTOP-SQ1O5FT" failures="0" tests="1" name="tamishrasenapati.tests.ErrorValidationTest" time="6.458" errors="0" timestamp="2024-06-13T16:32:23 IST" skipped="0">
  <testcase classname="tamishrasenapati.tests.ErrorValidationTest" name="loginErrorValidation" time="6.458"/>
</testsuite> <!-- tamishrasenapati.tests.ErrorValidationTest -->
