<?xml version="1.0" encoding="UTF-8"?>
<!-- Generated by org.testng.reporters.JUnitReportReporter -->
<testsuite hostname="DESKTOP-SQ1O5FT" failures="0" tests="2" name="tamishrasenapati.tests.ErrorValidation" time="25.101" errors="0" timestamp="2024-06-13T14:55:37 IST" skipped="0">
  <testcase classname="tamishrasenapati.tests.ErrorValidation" name="loginErrorValidation" time="5.151"/>
  <testcase classname="tamishrasenapati.tests.ErrorValidation" name="orderErrorValidation" time="19.950"/>
</testsuite> <!-- tamishrasenapati.tests.ErrorValidation -->
